[00:46:03] [main/INFO]: Setting user: Player595
[00:46:04] [Client thread/INFO]: LWJGL Version: 2.9.1
[00:46:09] [Client thread/INFO]: Reloading ResourceManager: Default, FMLFileResourcePack:Forge Mod Loader, FMLFileResourcePack:Minecraft Forge, FMLFileResourcePack:Candentis
[00:46:10] [Sound Library Loader/INFO]: Sound engine started
[00:46:11] [Client thread/INFO]: Created: 512x256 textures/blocks-atlas
[00:46:11] [Client thread/INFO]: Created: 256x256 textures/items-atlas
[00:46:11] [Client thread/INFO]: Reloading ResourceManager: Default, FMLFileResourcePack:Forge Mod Loader, FMLFileResourcePack:Minecraft Forge, FMLFileResourcePack:Candentis
[00:46:11] [Client thread/INFO]: Created: 256x256 textures/items-atlas
[00:46:12] [Client thread/INFO]: Created: 512x256 textures/blocks-atlas
[00:46:13] [Sound Library Loader/INFO]: Sound engine started
[00:46:16] [Server thread/INFO]: Starting integrated minecraft server version 1.7.10
[00:46:16] [Server thread/INFO]: Generating keypair
[00:46:16] [Server thread/INFO]: Preparing start region for level 0
[00:46:17] [Server thread/INFO]: Changing view distance to 12, from 10
[00:46:18] [Server thread/INFO]: Player595[local:E:a8c3e095] logged in with entity id 136 at (142.88379878274736, 56.0, 2105.093273249441)
[00:46:18] [Server thread/INFO]: Player595 joined the game
[00:46:31] [Client thread/INFO]: [CHAT] The number you have entered (-6000) is too small, it must be at least 0
[00:46:36] [Server thread/INFO]: [Player595: Set the time to 24000]
[00:46:37] [Client thread/INFO]: [CHAT] Set the time to 24000
[00:46:43] [Server thread/INFO]: [Player595: Set the time to 32000]
[00:46:43] [Client thread/INFO]: [CHAT] Set the time to 32000
[00:46:47] [Server thread/INFO]: [Player595: Set the time to 13000]
[00:46:47] [Client thread/INFO]: [CHAT] Set the time to 13000
[00:46:58] [Client thread/INFO]: [CHAT] 'midnight' is not a valid number
[00:47:03] [Server thread/INFO]: [Player595: Set the time to 13000]
[00:47:03] [Client thread/INFO]: [CHAT] Set the time to 13000
[00:47:06] [Client thread/INFO]: [CHAT] 'dusk' is not a valid number
[00:47:22] [Server thread/INFO]: Player595 has just earned the achievement [Taking Inventory]
[00:47:22] [Client thread/INFO]: [CHAT] Player595 has just earned the achievement [Taking Inventory]
[00:47:30] [Client thread/INFO]: [CHAT] minecraft:gold_ingot, minecraft:gunpowder, minecraft:golden_sword, minecraft:gold_block, minecraft:golden_horse_armor, minecraft:glass_bottle, minecraft:grass, minecraft:gold_ore, minecraft:golden_boots, minecraft:glowstone, minecraft:golden_hoe, minecraft:golden_shovel, minecraft:golden_pickaxe, minecraft:gravel, minecraft:glass, minecraft:gold_nugget, minecraft:golden_helmet, minecraft:glass_pane, minecraft:golden_apple, minecraft:golden_axe, minecraft:ghast_tear, minecraft:golden_carrot, minecraft:golden_chestplate, minecraft:golden_rail, minecraft:golden_leggings, minecraft:glowstone_dust
[00:47:33] [Client thread/INFO]: [CHAT] minecraft:gold_ingot, minecraft:gunpowder, minecraft:golden_sword, minecraft:gold_block, minecraft:golden_horse_armor, minecraft:glass_bottle, minecraft:grass, minecraft:gold_ore, minecraft:golden_boots, minecraft:glowstone, minecraft:golden_hoe, minecraft:golden_shovel, minecraft:golden_pickaxe, minecraft:gravel, minecraft:glass, minecraft:gold_nugget, minecraft:golden_helmet, minecraft:glass_pane, minecraft:golden_apple, minecraft:golden_axe, minecraft:ghast_tear, minecraft:golden_carrot, minecraft:golden_chestplate, minecraft:golden_rail, minecraft:golden_leggings, minecraft:glowstone_dust
[00:47:39] [Server thread/INFO]: [Player595: Given [Glowstone] * 1 to Player595]
[00:47:39] [Client thread/INFO]: [CHAT] Given [Glowstone] * 1 to Player595
[00:48:02] [Server thread/INFO]: [Player595: Given [Torch] * 1 to Player595]
[00:48:02] [Client thread/INFO]: [CHAT] Given [Torch] * 1 to Player595
[00:48:20] [Server thread/INFO]: Saving and pausing game...
[00:48:20] [Server thread/INFO]: Saving chunks for level 'Test'/Overworld
[00:48:20] [Server thread/INFO]: Saving chunks for level 'Test'/Nether
[00:48:20] [Server thread/INFO]: Saving chunks for level 'Test'/The End
[00:48:21] [Server thread/INFO]: Stopping server
[00:48:21] [Server thread/INFO]: Saving players
[00:48:21] [Server thread/INFO]: Saving worlds
[00:48:21] [Server thread/INFO]: Saving chunks for level 'Test'/Overworld
[00:48:21] [Server thread/INFO]: Saving chunks for level 'Test'/Nether
[00:48:21] [Server thread/INFO]: Saving chunks for level 'Test'/The End
[00:48:36] [main/INFO]: Setting user: Player90
[00:48:37] [Client thread/INFO]: LWJGL Version: 2.9.1
[00:48:43] [Client thread/INFO]: Reloading ResourceManager: Default, FMLFileResourcePack:Forge Mod Loader, FMLFileResourcePack:Minecraft Forge, FMLFileResourcePack:Candentis
[00:48:44] [Sound Library Loader/INFO]: Sound engine started
[00:48:45] [Client thread/INFO]: Created: 512x256 textures/blocks-atlas
[00:48:45] [Client thread/INFO]: Created: 256x256 textures/items-atlas
[00:48:45] [Client thread/INFO]: Reloading ResourceManager: Default, FMLFileResourcePack:Forge Mod Loader, FMLFileResourcePack:Minecraft Forge, FMLFileResourcePack:Candentis
[00:48:45] [Client thread/INFO]: Created: 256x256 textures/items-atlas
[00:48:46] [Client thread/INFO]: Created: 512x256 textures/blocks-atlas
[00:48:47] [Sound Library Loader/INFO]: Sound engine started
[00:48:50] [Server thread/INFO]: Starting integrated minecraft server version 1.7.10
[00:48:50] [Server thread/INFO]: Generating keypair
[00:48:50] [Server thread/INFO]: Preparing start region for level 0
[00:48:52] [Server thread/INFO]: Changing view distance to 12, from 10
[00:48:52] [Server thread/INFO]: Player90[local:E:156a095f] logged in with entity id 134 at (141.9432553180567, 56.0, 2101.6506661537287)
[00:48:52] [Server thread/INFO]: Player90 joined the game
[00:49:04] [Server thread/INFO]: Saving and pausing game...
[00:49:04] [Server thread/INFO]: Saving chunks for level 'Test'/Overworld
[00:49:04] [Server thread/INFO]: Saving chunks for level 'Test'/Nether
[00:49:04] [Server thread/INFO]: Saving chunks for level 'Test'/The End
[00:49:04] [Server thread/INFO]: Stopping server
[00:49:04] [Server thread/INFO]: Saving players
[00:49:04] [Server thread/INFO]: Saving worlds
[00:49:04] [Server thread/INFO]: Saving chunks for level 'Test'/Overworld
[00:49:04] [Server thread/INFO]: Saving chunks for level 'Test'/Nether
[00:49:04] [Server thread/INFO]: Saving chunks for level 'Test'/The End
